--------------------------------------------------------------------------------
Release 14.7 Trace  (nt64)
Copyright (c) 1995-2013 Xilinx, Inc.  All rights reserved.

D:\study\dig\14.7\ISE_DS\ISE\bin\nt64\unwrapped\trce.exe -intstyle ise -v 3 -s
3 -n 3 -fastpaths -xml REG_FILE.twx REG_FILE.ncd -o REG_FILE.twr REG_FILE.pcf

Design file:              REG_FILE.ncd
Physical constraint file: REG_FILE.pcf
Device,package,speed:     xc6slx16,csg324,C,-3 (PRODUCTION 1.23 2013-10-13)
Report level:             verbose report

Environment Variable      Effect 
--------------------      ------ 
NONE                      No environment variables were set
--------------------------------------------------------------------------------

INFO:Timing:2698 - No timing constraints found, doing default enumeration.
INFO:Timing:3412 - To improve timing, see the Timing Closure User Guide (UG612).
INFO:Timing:2752 - To get complete path coverage, use the unconstrained paths 
   option. All paths that are not constrained will be reported in the 
   unconstrained paths section(s) of the report.
INFO:Timing:3339 - The clock-to-out numbers in this timing report are based on 
   a 50 Ohm transmission line loading model.  For the details of this model, 
   and for more information on accounting for different loading conditions, 
   please see the device datasheet.



Data Sheet report:
-----------------
All values displayed in nanoseconds (ns)

Setup/Hold to clock clk
------------+------------+------------+------------+------------+------------------+--------+
            |Max Setup to|  Process   |Max Hold to |  Process   |                  | Clock  |
Source      | clk (edge) |   Corner   | clk (edge) |   Corner   |Internal Clock(s) | Phase  |
------------+------------+------------+------------+------------+------------------+--------+
r1_addr<0>  |   10.977(R)|      SLOW  |   -1.196(R)|      FAST  |clk_BUFGP         |   0.000|
r1_addr<1>  |   12.243(R)|      SLOW  |   -1.250(R)|      FAST  |clk_BUFGP         |   0.000|
r1_addr<2>  |    6.882(R)|      SLOW  |   -0.901(R)|      FAST  |clk_BUFGP         |   0.000|
r1_addr<3>  |    7.815(R)|      SLOW  |   -1.162(R)|      FAST  |clk_BUFGP         |   0.000|
r1_addr<4>  |    5.546(R)|      SLOW  |   -0.549(R)|      SLOW  |clk_BUFGP         |   0.000|
r2_addr<0>  |   12.580(R)|      SLOW  |   -2.016(R)|      FAST  |clk_BUFGP         |   0.000|
r2_addr<1>  |   11.463(R)|      SLOW  |   -1.827(R)|      FAST  |clk_BUFGP         |   0.000|
r2_addr<2>  |   10.050(R)|      SLOW  |   -1.541(R)|      FAST  |clk_BUFGP         |   0.000|
r2_addr<3>  |    9.103(R)|      SLOW  |   -1.489(R)|      FAST  |clk_BUFGP         |   0.000|
r2_addr<4>  |    7.561(R)|      SLOW  |   -1.880(R)|      FAST  |clk_BUFGP         |   0.000|
r3_addr<0>  |   13.225(R)|      SLOW  |   -2.053(R)|      FAST  |clk_BUFGP         |   0.000|
r3_addr<1>  |   12.602(R)|      SLOW  |   -1.788(R)|      FAST  |clk_BUFGP         |   0.000|
r3_addr<2>  |   13.024(R)|      SLOW  |   -1.754(R)|      FAST  |clk_BUFGP         |   0.000|
r3_addr<3>  |   12.783(R)|      SLOW  |   -1.992(R)|      FAST  |clk_BUFGP         |   0.000|
r3_addr<4>  |   12.774(R)|      SLOW  |   -1.687(R)|      FAST  |clk_BUFGP         |   0.000|
r3_din<0>   |    5.682(R)|      SLOW  |   -0.412(R)|      SLOW  |clk_BUFGP         |   0.000|
r3_din<1>   |    5.749(R)|      SLOW  |   -0.358(R)|      SLOW  |clk_BUFGP         |   0.000|
r3_din<2>   |    6.340(R)|      SLOW  |   -0.406(R)|      SLOW  |clk_BUFGP         |   0.000|
r3_din<3>   |    6.036(R)|      SLOW  |   -0.335(R)|      SLOW  |clk_BUFGP         |   0.000|
r3_din<4>   |    6.206(R)|      SLOW  |   -0.350(R)|      SLOW  |clk_BUFGP         |   0.000|
r3_din<5>   |    7.481(R)|      SLOW  |   -0.355(R)|      SLOW  |clk_BUFGP         |   0.000|
r3_din<6>   |    7.094(R)|      SLOW  |   -0.676(R)|      SLOW  |clk_BUFGP         |   0.000|
r3_din<7>   |    6.610(R)|      SLOW  |   -0.718(R)|      SLOW  |clk_BUFGP         |   0.000|
r3_din<8>   |    7.792(R)|      SLOW  |   -0.919(R)|      SLOW  |clk_BUFGP         |   0.000|
r3_din<9>   |    7.810(R)|      SLOW  |   -0.954(R)|      SLOW  |clk_BUFGP         |   0.000|
r3_din<10>  |    7.672(R)|      SLOW  |   -0.870(R)|      SLOW  |clk_BUFGP         |   0.000|
r3_din<11>  |    7.925(R)|      SLOW  |   -1.065(R)|      FAST  |clk_BUFGP         |   0.000|
r3_din<12>  |    8.970(R)|      SLOW  |   -1.186(R)|      FAST  |clk_BUFGP         |   0.000|
r3_din<13>  |    8.793(R)|      SLOW  |   -1.278(R)|      FAST  |clk_BUFGP         |   0.000|
r3_din<14>  |    9.842(R)|      SLOW  |   -1.013(R)|      SLOW  |clk_BUFGP         |   0.000|
r3_din<15>  |    8.957(R)|      SLOW  |   -1.377(R)|      FAST  |clk_BUFGP         |   0.000|
r3_din<16>  |    8.788(R)|      SLOW  |   -0.742(R)|      SLOW  |clk_BUFGP         |   0.000|
r3_din<17>  |    8.519(R)|      SLOW  |   -1.075(R)|      SLOW  |clk_BUFGP         |   0.000|
r3_din<18>  |    7.531(R)|      SLOW  |   -0.620(R)|      SLOW  |clk_BUFGP         |   0.000|
r3_din<19>  |    8.185(R)|      SLOW  |   -0.633(R)|      SLOW  |clk_BUFGP         |   0.000|
r3_din<20>  |    6.964(R)|      SLOW  |   -0.443(R)|      SLOW  |clk_BUFGP         |   0.000|
r3_din<21>  |    6.474(R)|      SLOW  |   -0.537(R)|      SLOW  |clk_BUFGP         |   0.000|
r3_din<22>  |    5.907(R)|      SLOW  |   -0.058(R)|      SLOW  |clk_BUFGP         |   0.000|
r3_din<23>  |    5.767(R)|      SLOW  |   -0.531(R)|      SLOW  |clk_BUFGP         |   0.000|
r3_din<24>  |    6.305(R)|      SLOW  |   -0.127(R)|      SLOW  |clk_BUFGP         |   0.000|
r3_din<25>  |    5.622(R)|      SLOW  |    0.323(R)|      SLOW  |clk_BUFGP         |   0.000|
r3_din<26>  |    7.209(R)|      SLOW  |    0.082(R)|      SLOW  |clk_BUFGP         |   0.000|
r3_din<27>  |    6.159(R)|      SLOW  |    0.148(R)|      SLOW  |clk_BUFGP         |   0.000|
r3_din<28>  |    6.065(R)|      SLOW  |    0.061(R)|      SLOW  |clk_BUFGP         |   0.000|
r3_din<29>  |    7.032(R)|      SLOW  |    0.057(R)|      SLOW  |clk_BUFGP         |   0.000|
r3_din<30>  |    5.949(R)|      SLOW  |   -0.107(R)|      SLOW  |clk_BUFGP         |   0.000|
r3_din<31>  |    6.450(R)|      SLOW  |   -0.652(R)|      SLOW  |clk_BUFGP         |   0.000|
r3_wr       |    8.921(R)|      SLOW  |    0.101(R)|      SLOW  |clk_BUFGP         |   0.000|
------------+------------+------------+------------+------------+------------------+--------+

Clock clk to Pad
------------+-----------------+------------+-----------------+------------+------------------+--------+
            |Max (slowest) clk|  Process   |Min (fastest) clk|  Process   |                  | Clock  |
Destination |  (edge) to PAD  |   Corner   |  (edge) to PAD  |   Corner   |Internal Clock(s) | Phase  |
------------+-----------------+------------+-----------------+------------+------------------+--------+
r1_dout<0>  |         7.658(R)|      SLOW  |         4.063(R)|      FAST  |clk_BUFGP         |   0.000|
r1_dout<1>  |         7.696(R)|      SLOW  |         4.109(R)|      FAST  |clk_BUFGP         |   0.000|
r1_dout<2>  |         7.648(R)|      SLOW  |         4.055(R)|      FAST  |clk_BUFGP         |   0.000|
r1_dout<3>  |         7.433(R)|      SLOW  |         3.943(R)|      FAST  |clk_BUFGP         |   0.000|
r1_dout<4>  |         7.482(R)|      SLOW  |         3.909(R)|      FAST  |clk_BUFGP         |   0.000|
r1_dout<5>  |         7.526(R)|      SLOW  |         3.939(R)|      FAST  |clk_BUFGP         |   0.000|
r1_dout<6>  |         7.481(R)|      SLOW  |         3.908(R)|      FAST  |clk_BUFGP         |   0.000|
r1_dout<7>  |         7.205(R)|      SLOW  |         3.766(R)|      FAST  |clk_BUFGP         |   0.000|
r1_dout<8>  |         7.280(R)|      SLOW  |         3.775(R)|      FAST  |clk_BUFGP         |   0.000|
r1_dout<9>  |         7.277(R)|      SLOW  |         3.792(R)|      FAST  |clk_BUFGP         |   0.000|
r1_dout<10> |         7.242(R)|      SLOW  |         3.747(R)|      FAST  |clk_BUFGP         |   0.000|
r1_dout<11> |         7.456(R)|      SLOW  |         3.897(R)|      FAST  |clk_BUFGP         |   0.000|
r1_dout<12> |         6.760(R)|      SLOW  |         3.464(R)|      FAST  |clk_BUFGP         |   0.000|
r1_dout<13> |         6.970(R)|      SLOW  |         3.598(R)|      FAST  |clk_BUFGP         |   0.000|
r1_dout<14> |         6.630(R)|      SLOW  |         3.349(R)|      FAST  |clk_BUFGP         |   0.000|
r1_dout<15> |         6.667(R)|      SLOW  |         3.378(R)|      FAST  |clk_BUFGP         |   0.000|
r1_dout<16> |         6.643(R)|      SLOW  |         3.365(R)|      FAST  |clk_BUFGP         |   0.000|
r1_dout<17> |         6.838(R)|      SLOW  |         3.469(R)|      FAST  |clk_BUFGP         |   0.000|
r1_dout<18> |         7.116(R)|      SLOW  |         3.677(R)|      FAST  |clk_BUFGP         |   0.000|
r1_dout<19> |         7.149(R)|      SLOW  |         3.710(R)|      FAST  |clk_BUFGP         |   0.000|
r1_dout<20> |         7.470(R)|      SLOW  |         3.896(R)|      FAST  |clk_BUFGP         |   0.000|
r1_dout<21> |         7.411(R)|      SLOW  |         3.885(R)|      FAST  |clk_BUFGP         |   0.000|
r1_dout<22> |         7.950(R)|      SLOW  |         4.248(R)|      FAST  |clk_BUFGP         |   0.000|
r1_dout<23> |         7.821(R)|      SLOW  |         4.155(R)|      FAST  |clk_BUFGP         |   0.000|
r1_dout<24> |         8.406(R)|      SLOW  |         4.529(R)|      FAST  |clk_BUFGP         |   0.000|
r1_dout<25> |         8.339(R)|      SLOW  |         4.528(R)|      FAST  |clk_BUFGP         |   0.000|
r1_dout<26> |         8.711(R)|      SLOW  |         4.763(R)|      FAST  |clk_BUFGP         |   0.000|
r1_dout<27> |         8.790(R)|      SLOW  |         4.839(R)|      FAST  |clk_BUFGP         |   0.000|
r1_dout<28> |         9.060(R)|      SLOW  |         4.969(R)|      FAST  |clk_BUFGP         |   0.000|
r1_dout<29> |         9.267(R)|      SLOW  |         5.084(R)|      FAST  |clk_BUFGP         |   0.000|
r1_dout<30> |         8.755(R)|      SLOW  |         4.746(R)|      FAST  |clk_BUFGP         |   0.000|
r1_dout<31> |         9.093(R)|      SLOW  |         4.913(R)|      FAST  |clk_BUFGP         |   0.000|
r2_dout<0>  |         8.898(R)|      SLOW  |         4.830(R)|      FAST  |clk_BUFGP         |   0.000|
r2_dout<1>  |         8.958(R)|      SLOW  |         4.880(R)|      FAST  |clk_BUFGP         |   0.000|
r2_dout<2>  |         8.601(R)|      SLOW  |         4.674(R)|      FAST  |clk_BUFGP         |   0.000|
r2_dout<3>  |         8.838(R)|      SLOW  |         4.783(R)|      FAST  |clk_BUFGP         |   0.000|
r2_dout<4>  |         8.599(R)|      SLOW  |         4.580(R)|      FAST  |clk_BUFGP         |   0.000|
r2_dout<5>  |         8.654(R)|      SLOW  |         4.666(R)|      FAST  |clk_BUFGP         |   0.000|
r2_dout<6>  |         8.459(R)|      SLOW  |         4.527(R)|      FAST  |clk_BUFGP         |   0.000|
r2_dout<7>  |         8.354(R)|      SLOW  |         4.422(R)|      FAST  |clk_BUFGP         |   0.000|
r2_dout<8>  |         8.960(R)|      SLOW  |         4.796(R)|      FAST  |clk_BUFGP         |   0.000|
r2_dout<9>  |         9.151(R)|      SLOW  |         4.902(R)|      FAST  |clk_BUFGP         |   0.000|
r2_dout<10> |         8.939(R)|      SLOW  |         4.780(R)|      FAST  |clk_BUFGP         |   0.000|
r2_dout<11> |         9.301(R)|      SLOW  |         4.980(R)|      FAST  |clk_BUFGP         |   0.000|
r2_dout<12> |         8.452(R)|      SLOW  |         4.468(R)|      FAST  |clk_BUFGP         |   0.000|
r2_dout<13> |         8.502(R)|      SLOW  |         4.560(R)|      FAST  |clk_BUFGP         |   0.000|
r2_dout<14> |         8.029(R)|      SLOW  |         4.231(R)|      FAST  |clk_BUFGP         |   0.000|
r2_dout<15> |         8.175(R)|      SLOW  |         4.327(R)|      FAST  |clk_BUFGP         |   0.000|
r2_dout<16> |         8.517(R)|      SLOW  |         4.543(R)|      FAST  |clk_BUFGP         |   0.000|
r2_dout<17> |         8.417(R)|      SLOW  |         4.523(R)|      FAST  |clk_BUFGP         |   0.000|
r2_dout<18> |         7.441(R)|      SLOW  |         3.885(R)|      FAST  |clk_BUFGP         |   0.000|
r2_dout<19> |         7.587(R)|      SLOW  |         3.981(R)|      FAST  |clk_BUFGP         |   0.000|
r2_dout<20> |         7.373(R)|      SLOW  |         3.820(R)|      FAST  |clk_BUFGP         |   0.000|
r2_dout<21> |         7.500(R)|      SLOW  |         3.919(R)|      FAST  |clk_BUFGP         |   0.000|
r2_dout<22> |         7.750(R)|      SLOW  |         4.105(R)|      FAST  |clk_BUFGP         |   0.000|
r2_dout<23> |         7.932(R)|      SLOW  |         4.226(R)|      FAST  |clk_BUFGP         |   0.000|
r2_dout<24> |         8.097(R)|      SLOW  |         4.358(R)|      FAST  |clk_BUFGP         |   0.000|
r2_dout<25> |         8.349(R)|      SLOW  |         4.503(R)|      FAST  |clk_BUFGP         |   0.000|
r2_dout<26> |         8.366(R)|      SLOW  |         4.548(R)|      FAST  |clk_BUFGP         |   0.000|
r2_dout<27> |         8.569(R)|      SLOW  |         4.677(R)|      FAST  |clk_BUFGP         |   0.000|
r2_dout<28> |         8.513(R)|      SLOW  |         4.557(R)|      FAST  |clk_BUFGP         |   0.000|
r2_dout<29> |         8.493(R)|      SLOW  |         4.527(R)|      FAST  |clk_BUFGP         |   0.000|
r2_dout<30> |         7.920(R)|      SLOW  |         4.161(R)|      FAST  |clk_BUFGP         |   0.000|
r2_dout<31> |         8.316(R)|      SLOW  |         4.399(R)|      FAST  |clk_BUFGP         |   0.000|
------------+-----------------+------------+-----------------+------------+------------------+--------+

Clock to Setup on destination clock clk
---------------+---------+---------+---------+---------+
               | Src:Rise| Src:Fall| Src:Rise| Src:Fall|
Source Clock   |Dest:Rise|Dest:Rise|Dest:Fall|Dest:Fall|
---------------+---------+---------+---------+---------+
clk            |    5.395|         |         |         |
comt_1<0>      |    2.447|    8.856|         |         |
comt_1<1>      |    2.180|    8.786|         |         |
comt_1<2>      |    2.679|    9.685|         |         |
comt_1<3>      |    1.821|    8.866|         |         |
comt_1<4>      |    2.431|    9.741|         |         |
comt_1<5>      |    2.581|    9.660|         |         |
comt_1<6>      |    2.779|    8.754|         |         |
comt_1<7>      |    2.110|    9.175|         |         |
comt_1<8>      |    2.369|    9.883|         |         |
comt_1<9>      |    1.954|   11.268|         |         |
comt_1<10>     |    2.446|   11.218|         |         |
comt_1<11>     |    2.391|   11.766|         |         |
comt_1<12>     |    2.034|   11.857|         |         |
comt_1<13>     |    3.038|    9.365|         |         |
comt_1<14>     |    2.953|   10.472|         |         |
comt_1<15>     |    3.073|   10.790|         |         |
comt_1<16>     |    2.509|    8.919|         |         |
comt_1<17>     |    2.780|    8.877|         |         |
comt_1<18>     |    2.586|    8.197|         |         |
comt_1<19>     |    2.818|    9.296|         |         |
comt_1<20>     |    2.777|    7.404|         |         |
comt_1<21>     |    2.874|    9.333|         |         |
comt_1<22>     |    2.467|    9.685|         |         |
comt_1<23>     |    2.481|    9.776|         |         |
comt_1<24>     |    1.869|    9.247|         |         |
comt_1<25>     |    1.977|   10.445|         |         |
comt_1<26>     |    2.406|   10.837|         |         |
comt_1<27>     |    1.230|   10.999|         |         |
comt_1<28>     |    1.029|   11.343|         |         |
comt_1<29>     |    2.051|   10.322|         |         |
comt_1<30>     |    2.884|   10.157|         |         |
comt_1<31>     |    2.680|   11.698|         |         |
comt_2<0>      |    3.141|    8.972|         |         |
comt_2<1>      |    3.344|   10.215|         |         |
comt_2<2>      |    3.392|   11.056|         |         |
comt_2<3>      |    3.155|   10.944|         |         |
comt_2<4>      |    3.156|    9.512|         |         |
comt_2<5>      |    3.456|    9.702|         |         |
comt_2<6>      |    3.824|    9.281|         |         |
comt_2<7>      |    3.331|    8.947|         |         |
comt_2<8>      |    3.167|   11.737|         |         |
comt_2<9>      |    3.010|    9.957|         |         |
comt_2<10>     |    3.364|   11.365|         |         |
comt_2<11>     |    2.556|   12.280|         |         |
comt_2<12>     |    3.458|   12.756|         |         |
comt_2<13>     |    3.322|   13.252|         |         |
comt_2<14>     |    3.160|    8.707|         |         |
comt_2<15>     |    3.073|    8.623|         |         |
comt_2<16>     |    3.080|    8.551|         |         |
comt_2<17>     |    3.981|    8.295|         |         |
comt_2<18>     |    3.376|    8.465|         |         |
comt_2<19>     |    3.488|    9.957|         |         |
comt_2<20>     |    4.367|    8.396|         |         |
comt_2<21>     |    4.274|    8.811|         |         |
comt_2<22>     |    4.688|    7.848|         |         |
comt_2<23>     |    4.386|    8.155|         |         |
comt_2<24>     |    4.286|    9.321|         |         |
comt_2<25>     |    5.130|    9.739|         |         |
comt_2<26>     |    4.453|   10.513|         |         |
comt_2<27>     |    4.175|   10.092|         |         |
comt_2<28>     |    3.563|   11.566|         |         |
comt_2<29>     |    3.639|   10.868|         |         |
comt_2<30>     |    3.498|    8.972|         |         |
comt_2<31>     |    3.191|    9.477|         |         |
rst_n          |    8.817|   13.252|         |         |
---------------+---------+---------+---------+---------+

Clock to Setup on destination clock comt_1<0>
---------------+---------+---------+---------+---------+
               | Src:Rise| Src:Fall| Src:Rise| Src:Fall|
Source Clock   |Dest:Rise|Dest:Rise|Dest:Fall|Dest:Fall|
---------------+---------+---------+---------+---------+
comt_1<0>      |         |         |    0.652|    0.652|
rst_n          |         |         |    3.683|    3.683|
---------------+---------+---------+---------+---------+

Clock to Setup on destination clock comt_1<1>
---------------+---------+---------+---------+---------+
               | Src:Rise| Src:Fall| Src:Rise| Src:Fall|
Source Clock   |Dest:Rise|Dest:Rise|Dest:Fall|Dest:Fall|
---------------+---------+---------+---------+---------+
comt_1<1>      |         |         |    0.593|    0.593|
rst_n          |         |         |    3.777|    3.777|
---------------+---------+---------+---------+---------+

Clock to Setup on destination clock comt_1<2>
---------------+---------+---------+---------+---------+
               | Src:Rise| Src:Fall| Src:Rise| Src:Fall|
Source Clock   |Dest:Rise|Dest:Rise|Dest:Fall|Dest:Fall|
---------------+---------+---------+---------+---------+
comt_1<2>      |         |         |    0.474|    0.474|
rst_n          |         |         |    3.613|    3.613|
---------------+---------+---------+---------+---------+

Clock to Setup on destination clock comt_1<3>
---------------+---------+---------+---------+---------+
               | Src:Rise| Src:Fall| Src:Rise| Src:Fall|
Source Clock   |Dest:Rise|Dest:Rise|Dest:Fall|Dest:Fall|
---------------+---------+---------+---------+---------+
comt_1<3>      |         |         |    0.829|    0.829|
rst_n          |         |         |    4.410|    4.410|
---------------+---------+---------+---------+---------+

Clock to Setup on destination clock comt_1<4>
---------------+---------+---------+---------+---------+
               | Src:Rise| Src:Fall| Src:Rise| Src:Fall|
Source Clock   |Dest:Rise|Dest:Rise|Dest:Fall|Dest:Fall|
---------------+---------+---------+---------+---------+
comt_1<4>      |         |         |    0.474|    0.474|
rst_n          |         |         |    4.222|    4.222|
---------------+---------+---------+---------+---------+

Clock to Setup on destination clock comt_1<5>
---------------+---------+---------+---------+---------+
               | Src:Rise| Src:Fall| Src:Rise| Src:Fall|
Source Clock   |Dest:Rise|Dest:Rise|Dest:Fall|Dest:Fall|
---------------+---------+---------+---------+---------+
comt_1<5>      |         |         |    0.649|    0.649|
rst_n          |         |         |    4.492|    4.492|
---------------+---------+---------+---------+---------+

Clock to Setup on destination clock comt_1<6>
---------------+---------+---------+---------+---------+
               | Src:Rise| Src:Fall| Src:Rise| Src:Fall|
Source Clock   |Dest:Rise|Dest:Rise|Dest:Fall|Dest:Fall|
---------------+---------+---------+---------+---------+
comt_1<6>      |         |         |    0.468|    0.468|
rst_n          |         |         |    2.992|    2.992|
---------------+---------+---------+---------+---------+

Clock to Setup on destination clock comt_1<7>
---------------+---------+---------+---------+---------+
               | Src:Rise| Src:Fall| Src:Rise| Src:Fall|
Source Clock   |Dest:Rise|Dest:Rise|Dest:Fall|Dest:Fall|
---------------+---------+---------+---------+---------+
comt_1<7>      |         |         |    0.600|    0.600|
rst_n          |         |         |    4.866|    4.866|
---------------+---------+---------+---------+---------+

Clock to Setup on destination clock comt_1<8>
---------------+---------+---------+---------+---------+
               | Src:Rise| Src:Fall| Src:Rise| Src:Fall|
Source Clock   |Dest:Rise|Dest:Rise|Dest:Fall|Dest:Fall|
---------------+---------+---------+---------+---------+
comt_1<8>      |         |         |    0.442|    0.442|
rst_n          |         |         |    4.457|    4.457|
---------------+---------+---------+---------+---------+

Clock to Setup on destination clock comt_1<9>
---------------+---------+---------+---------+---------+
               | Src:Rise| Src:Fall| Src:Rise| Src:Fall|
Source Clock   |Dest:Rise|Dest:Rise|Dest:Fall|Dest:Fall|
---------------+---------+---------+---------+---------+
comt_1<9>      |         |         |    0.103|    0.103|
rst_n          |         |         |    5.126|    5.126|
---------------+---------+---------+---------+---------+

Clock to Setup on destination clock comt_1<10>
---------------+---------+---------+---------+---------+
               | Src:Rise| Src:Fall| Src:Rise| Src:Fall|
Source Clock   |Dest:Rise|Dest:Rise|Dest:Fall|Dest:Fall|
---------------+---------+---------+---------+---------+
comt_1<10>     |         |         |    0.568|    0.568|
rst_n          |         |         |    6.347|    6.347|
---------------+---------+---------+---------+---------+

Clock to Setup on destination clock comt_1<11>
---------------+---------+---------+---------+---------+
               | Src:Rise| Src:Fall| Src:Rise| Src:Fall|
Source Clock   |Dest:Rise|Dest:Rise|Dest:Fall|Dest:Fall|
---------------+---------+---------+---------+---------+
comt_1<11>     |         |         |    0.830|    0.830|
rst_n          |         |         |    6.806|    6.806|
---------------+---------+---------+---------+---------+

Clock to Setup on destination clock comt_1<12>
---------------+---------+---------+---------+---------+
               | Src:Rise| Src:Fall| Src:Rise| Src:Fall|
Source Clock   |Dest:Rise|Dest:Rise|Dest:Fall|Dest:Fall|
---------------+---------+---------+---------+---------+
comt_1<12>     |         |         |    0.770|    0.770|
rst_n          |         |         |    6.334|    6.334|
---------------+---------+---------+---------+---------+

Clock to Setup on destination clock comt_1<13>
---------------+---------+---------+---------+---------+
               | Src:Rise| Src:Fall| Src:Rise| Src:Fall|
Source Clock   |Dest:Rise|Dest:Rise|Dest:Fall|Dest:Fall|
---------------+---------+---------+---------+---------+
comt_1<13>     |         |         |    0.673|    0.673|
rst_n          |         |         |    3.764|    3.764|
---------------+---------+---------+---------+---------+

Clock to Setup on destination clock comt_1<14>
---------------+---------+---------+---------+---------+
               | Src:Rise| Src:Fall| Src:Rise| Src:Fall|
Source Clock   |Dest:Rise|Dest:Rise|Dest:Fall|Dest:Fall|
---------------+---------+---------+---------+---------+
comt_1<14>     |         |         |    0.583|    0.583|
rst_n          |         |         |    4.973|    4.973|
---------------+---------+---------+---------+---------+

Clock to Setup on destination clock comt_1<15>
---------------+---------+---------+---------+---------+
               | Src:Rise| Src:Fall| Src:Rise| Src:Fall|
Source Clock   |Dest:Rise|Dest:Rise|Dest:Fall|Dest:Fall|
---------------+---------+---------+---------+---------+
comt_1<15>     |         |         |    0.541|    0.541|
rst_n          |         |         |    3.953|    3.953|
---------------+---------+---------+---------+---------+

Clock to Setup on destination clock comt_1<16>
---------------+---------+---------+---------+---------+
               | Src:Rise| Src:Fall| Src:Rise| Src:Fall|
Source Clock   |Dest:Rise|Dest:Rise|Dest:Fall|Dest:Fall|
---------------+---------+---------+---------+---------+
comt_1<16>     |         |         |    0.590|    0.590|
rst_n          |         |         |    3.364|    3.364|
---------------+---------+---------+---------+---------+

Clock to Setup on destination clock comt_1<17>
---------------+---------+---------+---------+---------+
               | Src:Rise| Src:Fall| Src:Rise| Src:Fall|
Source Clock   |Dest:Rise|Dest:Rise|Dest:Fall|Dest:Fall|
---------------+---------+---------+---------+---------+
comt_1<17>     |         |         |    0.631|    0.631|
rst_n          |         |         |    3.332|    3.332|
---------------+---------+---------+---------+---------+

Clock to Setup on destination clock comt_1<18>
---------------+---------+---------+---------+---------+
               | Src:Rise| Src:Fall| Src:Rise| Src:Fall|
Source Clock   |Dest:Rise|Dest:Rise|Dest:Fall|Dest:Fall|
---------------+---------+---------+---------+---------+
comt_1<18>     |         |         |    0.725|    0.725|
rst_n          |         |         |    2.603|    2.603|
---------------+---------+---------+---------+---------+

Clock to Setup on destination clock comt_1<19>
---------------+---------+---------+---------+---------+
               | Src:Rise| Src:Fall| Src:Rise| Src:Fall|
Source Clock   |Dest:Rise|Dest:Rise|Dest:Fall|Dest:Fall|
---------------+---------+---------+---------+---------+
comt_1<19>     |         |         |    0.637|    0.637|
rst_n          |         |         |    3.164|    3.164|
---------------+---------+---------+---------+---------+

Clock to Setup on destination clock comt_1<20>
---------------+---------+---------+---------+---------+
               | Src:Rise| Src:Fall| Src:Rise| Src:Fall|
Source Clock   |Dest:Rise|Dest:Rise|Dest:Fall|Dest:Fall|
---------------+---------+---------+---------+---------+
comt_1<20>     |         |         |    0.444|    0.444|
rst_n          |         |         |    1.720|    1.720|
---------------+---------+---------+---------+---------+

Clock to Setup on destination clock comt_1<21>
---------------+---------+---------+---------+---------+
               | Src:Rise| Src:Fall| Src:Rise| Src:Fall|
Source Clock   |Dest:Rise|Dest:Rise|Dest:Fall|Dest:Fall|
---------------+---------+---------+---------+---------+
comt_1<21>     |         |         |    1.010|    1.010|
rst_n          |         |         |    3.694|    3.694|
---------------+---------+---------+---------+---------+

Clock to Setup on destination clock comt_1<22>
---------------+---------+---------+---------+---------+
               | Src:Rise| Src:Fall| Src:Rise| Src:Fall|
Source Clock   |Dest:Rise|Dest:Rise|Dest:Fall|Dest:Fall|
---------------+---------+---------+---------+---------+
comt_1<22>     |         |         |    0.649|    0.649|
rst_n          |         |         |    4.579|    4.579|
---------------+---------+---------+---------+---------+

Clock to Setup on destination clock comt_1<23>
---------------+---------+---------+---------+---------+
               | Src:Rise| Src:Fall| Src:Rise| Src:Fall|
Source Clock   |Dest:Rise|Dest:Rise|Dest:Fall|Dest:Fall|
---------------+---------+---------+---------+---------+
comt_1<23>     |         |         |    0.627|    0.627|
rst_n          |         |         |    4.709|    4.709|
---------------+---------+---------+---------+---------+

Clock to Setup on destination clock comt_1<24>
---------------+---------+---------+---------+---------+
               | Src:Rise| Src:Fall| Src:Rise| Src:Fall|
Source Clock   |Dest:Rise|Dest:Rise|Dest:Fall|Dest:Fall|
---------------+---------+---------+---------+---------+
comt_1<24>     |         |         |    0.600|    0.600|
rst_n          |         |         |    4.096|    4.096|
---------------+---------+---------+---------+---------+

Clock to Setup on destination clock comt_1<25>
---------------+---------+---------+---------+---------+
               | Src:Rise| Src:Fall| Src:Rise| Src:Fall|
Source Clock   |Dest:Rise|Dest:Rise|Dest:Fall|Dest:Fall|
---------------+---------+---------+---------+---------+
comt_1<25>     |         |         |    0.552|    0.552|
rst_n          |         |         |    5.412|    5.412|
---------------+---------+---------+---------+---------+

Clock to Setup on destination clock comt_1<26>
---------------+---------+---------+---------+---------+
               | Src:Rise| Src:Fall| Src:Rise| Src:Fall|
Source Clock   |Dest:Rise|Dest:Rise|Dest:Fall|Dest:Fall|
---------------+---------+---------+---------+---------+
comt_1<26>     |         |         |    0.321|    0.321|
rst_n          |         |         |    5.160|    5.160|
---------------+---------+---------+---------+---------+

Clock to Setup on destination clock comt_1<27>
---------------+---------+---------+---------+---------+
               | Src:Rise| Src:Fall| Src:Rise| Src:Fall|
Source Clock   |Dest:Rise|Dest:Rise|Dest:Fall|Dest:Fall|
---------------+---------+---------+---------+---------+
comt_1<27>     |         |         |    0.487|    0.487|
rst_n          |         |         |    6.014|    6.014|
---------------+---------+---------+---------+---------+

Clock to Setup on destination clock comt_1<28>
---------------+---------+---------+---------+---------+
               | Src:Rise| Src:Fall| Src:Rise| Src:Fall|
Source Clock   |Dest:Rise|Dest:Rise|Dest:Fall|Dest:Fall|
---------------+---------+---------+---------+---------+
comt_1<28>     |         |         |    0.333|    0.333|
rst_n          |         |         |    7.249|    7.249|
---------------+---------+---------+---------+---------+

Clock to Setup on destination clock comt_1<29>
---------------+---------+---------+---------+---------+
               | Src:Rise| Src:Fall| Src:Rise| Src:Fall|
Source Clock   |Dest:Rise|Dest:Rise|Dest:Fall|Dest:Fall|
---------------+---------+---------+---------+---------+
comt_1<29>     |         |         |    0.352|    0.352|
rst_n          |         |         |    4.972|    4.972|
---------------+---------+---------+---------+---------+

Clock to Setup on destination clock comt_1<30>
---------------+---------+---------+---------+---------+
               | Src:Rise| Src:Fall| Src:Rise| Src:Fall|
Source Clock   |Dest:Rise|Dest:Rise|Dest:Fall|Dest:Fall|
---------------+---------+---------+---------+---------+
comt_1<30>     |         |         |    0.480|    0.480|
rst_n          |         |         |    4.812|    4.812|
---------------+---------+---------+---------+---------+

Clock to Setup on destination clock comt_1<31>
---------------+---------+---------+---------+---------+
               | Src:Rise| Src:Fall| Src:Rise| Src:Fall|
Source Clock   |Dest:Rise|Dest:Rise|Dest:Fall|Dest:Fall|
---------------+---------+---------+---------+---------+
comt_1<31>     |         |         |    0.407|    0.407|
rst_n          |         |         |    5.599|    5.599|
---------------+---------+---------+---------+---------+

Clock to Setup on destination clock comt_2<0>
---------------+---------+---------+---------+---------+
               | Src:Rise| Src:Fall| Src:Rise| Src:Fall|
Source Clock   |Dest:Rise|Dest:Rise|Dest:Fall|Dest:Fall|
---------------+---------+---------+---------+---------+
comt_2<0>      |         |         |    0.505|    0.505|
rst_n          |         |         |    3.026|    3.026|
---------------+---------+---------+---------+---------+

Clock to Setup on destination clock comt_2<1>
---------------+---------+---------+---------+---------+
               | Src:Rise| Src:Fall| Src:Rise| Src:Fall|
Source Clock   |Dest:Rise|Dest:Rise|Dest:Fall|Dest:Fall|
---------------+---------+---------+---------+---------+
comt_2<1>      |         |         |    0.583|    0.583|
rst_n          |         |         |    4.071|    4.071|
---------------+---------+---------+---------+---------+

Clock to Setup on destination clock comt_2<2>
---------------+---------+---------+---------+---------+
               | Src:Rise| Src:Fall| Src:Rise| Src:Fall|
Source Clock   |Dest:Rise|Dest:Rise|Dest:Fall|Dest:Fall|
---------------+---------+---------+---------+---------+
comt_2<2>      |         |         |    0.685|    0.685|
rst_n          |         |         |    4.615|    4.615|
---------------+---------+---------+---------+---------+

Clock to Setup on destination clock comt_2<3>
---------------+---------+---------+---------+---------+
               | Src:Rise| Src:Fall| Src:Rise| Src:Fall|
Source Clock   |Dest:Rise|Dest:Rise|Dest:Fall|Dest:Fall|
---------------+---------+---------+---------+---------+
comt_2<3>      |         |         |    0.413|    0.413|
rst_n          |         |         |    4.371|    4.371|
---------------+---------+---------+---------+---------+

Clock to Setup on destination clock comt_2<4>
---------------+---------+---------+---------+---------+
               | Src:Rise| Src:Fall| Src:Rise| Src:Fall|
Source Clock   |Dest:Rise|Dest:Rise|Dest:Fall|Dest:Fall|
---------------+---------+---------+---------+---------+
comt_2<4>      |         |         |    0.480|    0.480|
rst_n          |         |         |    3.094|    3.094|
---------------+---------+---------+---------+---------+

Clock to Setup on destination clock comt_2<5>
---------------+---------+---------+---------+---------+
               | Src:Rise| Src:Fall| Src:Rise| Src:Fall|
Source Clock   |Dest:Rise|Dest:Rise|Dest:Fall|Dest:Fall|
---------------+---------+---------+---------+---------+
comt_2<5>      |         |         |    0.453|    0.453|
rst_n          |         |         |    3.654|    3.654|
---------------+---------+---------+---------+---------+

Clock to Setup on destination clock comt_2<6>
---------------+---------+---------+---------+---------+
               | Src:Rise| Src:Fall| Src:Rise| Src:Fall|
Source Clock   |Dest:Rise|Dest:Rise|Dest:Fall|Dest:Fall|
---------------+---------+---------+---------+---------+
comt_2<6>      |         |         |    0.691|    0.691|
rst_n          |         |         |    2.683|    2.683|
---------------+---------+---------+---------+---------+

Clock to Setup on destination clock comt_2<7>
---------------+---------+---------+---------+---------+
               | Src:Rise| Src:Fall| Src:Rise| Src:Fall|
Source Clock   |Dest:Rise|Dest:Rise|Dest:Fall|Dest:Fall|
---------------+---------+---------+---------+---------+
comt_2<7>      |         |         |    0.437|    0.437|
rst_n          |         |         |    2.876|    2.876|
---------------+---------+---------+---------+---------+

Clock to Setup on destination clock comt_2<8>
---------------+---------+---------+---------+---------+
               | Src:Rise| Src:Fall| Src:Rise| Src:Fall|
Source Clock   |Dest:Rise|Dest:Rise|Dest:Fall|Dest:Fall|
---------------+---------+---------+---------+---------+
comt_2<8>      |         |         |   -0.229|   -0.229|
rst_n          |         |         |    4.004|    4.004|
---------------+---------+---------+---------+---------+

Clock to Setup on destination clock comt_2<9>
---------------+---------+---------+---------+---------+
               | Src:Rise| Src:Fall| Src:Rise| Src:Fall|
Source Clock   |Dest:Rise|Dest:Rise|Dest:Fall|Dest:Fall|
---------------+---------+---------+---------+---------+
comt_2<9>      |         |         |    0.726|    0.726|
rst_n          |         |         |    4.153|    4.153|
---------------+---------+---------+---------+---------+

Clock to Setup on destination clock comt_2<10>
---------------+---------+---------+---------+---------+
               | Src:Rise| Src:Fall| Src:Rise| Src:Fall|
Source Clock   |Dest:Rise|Dest:Rise|Dest:Fall|Dest:Fall|
---------------+---------+---------+---------+---------+
comt_2<10>     |         |         |    0.509|    0.509|
rst_n          |         |         |    5.232|    5.232|
---------------+---------+---------+---------+---------+

Clock to Setup on destination clock comt_2<11>
---------------+---------+---------+---------+---------+
               | Src:Rise| Src:Fall| Src:Rise| Src:Fall|
Source Clock   |Dest:Rise|Dest:Rise|Dest:Fall|Dest:Fall|
---------------+---------+---------+---------+---------+
comt_2<11>     |         |         |    0.447|    0.447|
rst_n          |         |         |    6.038|    6.038|
---------------+---------+---------+---------+---------+

Clock to Setup on destination clock comt_2<12>
---------------+---------+---------+---------+---------+
               | Src:Rise| Src:Fall| Src:Rise| Src:Fall|
Source Clock   |Dest:Rise|Dest:Rise|Dest:Fall|Dest:Fall|
---------------+---------+---------+---------+---------+
comt_2<12>     |         |         |    0.403|    0.403|
rst_n          |         |         |    5.301|    5.301|
---------------+---------+---------+---------+---------+

Clock to Setup on destination clock comt_2<13>
---------------+---------+---------+---------+---------+
               | Src:Rise| Src:Fall| Src:Rise| Src:Fall|
Source Clock   |Dest:Rise|Dest:Rise|Dest:Fall|Dest:Fall|
---------------+---------+---------+---------+---------+
comt_2<13>     |         |         |    0.451|    0.451|
rst_n          |         |         |    5.946|    5.946|
---------------+---------+---------+---------+---------+

Clock to Setup on destination clock comt_2<14>
---------------+---------+---------+---------+---------+
               | Src:Rise| Src:Fall| Src:Rise| Src:Fall|
Source Clock   |Dest:Rise|Dest:Rise|Dest:Fall|Dest:Fall|
---------------+---------+---------+---------+---------+
comt_2<14>     |         |         |    0.534|    0.534|
rst_n          |         |         |    2.752|    2.752|
---------------+---------+---------+---------+---------+

Clock to Setup on destination clock comt_2<15>
---------------+---------+---------+---------+---------+
               | Src:Rise| Src:Fall| Src:Rise| Src:Fall|
Source Clock   |Dest:Rise|Dest:Rise|Dest:Fall|Dest:Fall|
---------------+---------+---------+---------+---------+
comt_2<15>     |         |         |    0.636|    0.636|
rst_n          |         |         |    2.944|    2.944|
---------------+---------+---------+---------+---------+

Clock to Setup on destination clock comt_2<16>
---------------+---------+---------+---------+---------+
               | Src:Rise| Src:Fall| Src:Rise| Src:Fall|
Source Clock   |Dest:Rise|Dest:Rise|Dest:Fall|Dest:Fall|
---------------+---------+---------+---------+---------+
comt_2<16>     |         |         |    0.497|    0.497|
rst_n          |         |         |    2.073|    2.073|
---------------+---------+---------+---------+---------+

Clock to Setup on destination clock comt_2<17>
---------------+---------+---------+---------+---------+
               | Src:Rise| Src:Fall| Src:Rise| Src:Fall|
Source Clock   |Dest:Rise|Dest:Rise|Dest:Fall|Dest:Fall|
---------------+---------+---------+---------+---------+
comt_2<17>     |         |         |    0.286|    0.286|
rst_n          |         |         |    1.241|    1.241|
---------------+---------+---------+---------+---------+

Clock to Setup on destination clock comt_2<18>
---------------+---------+---------+---------+---------+
               | Src:Rise| Src:Fall| Src:Rise| Src:Fall|
Source Clock   |Dest:Rise|Dest:Rise|Dest:Fall|Dest:Fall|
---------------+---------+---------+---------+---------+
comt_2<18>     |         |         |    0.386|    0.386|
rst_n          |         |         |    1.432|    1.432|
---------------+---------+---------+---------+---------+

Clock to Setup on destination clock comt_2<19>
---------------+---------+---------+---------+---------+
               | Src:Rise| Src:Fall| Src:Rise| Src:Fall|
Source Clock   |Dest:Rise|Dest:Rise|Dest:Fall|Dest:Fall|
---------------+---------+---------+---------+---------+
comt_2<19>     |         |         |    0.149|    0.149|
rst_n          |         |         |    2.561|    2.561|
---------------+---------+---------+---------+---------+

Clock to Setup on destination clock comt_2<20>
---------------+---------+---------+---------+---------+
               | Src:Rise| Src:Fall| Src:Rise| Src:Fall|
Source Clock   |Dest:Rise|Dest:Rise|Dest:Fall|Dest:Fall|
---------------+---------+---------+---------+---------+
comt_2<20>     |         |         |    0.757|    0.757|
rst_n          |         |         |    0.831|    0.831|
---------------+---------+---------+---------+---------+

Clock to Setup on destination clock comt_2<21>
---------------+---------+---------+---------+---------+
               | Src:Rise| Src:Fall| Src:Rise| Src:Fall|
Source Clock   |Dest:Rise|Dest:Rise|Dest:Fall|Dest:Fall|
---------------+---------+---------+---------+---------+
comt_2<21>     |         |         |    0.549|    0.549|
rst_n          |         |         |    1.431|    1.431|
---------------+---------+---------+---------+---------+

Clock to Setup on destination clock comt_2<22>
---------------+---------+---------+---------+---------+
               | Src:Rise| Src:Fall| Src:Rise| Src:Fall|
Source Clock   |Dest:Rise|Dest:Rise|Dest:Fall|Dest:Fall|
---------------+---------+---------+---------+---------+
comt_2<22>     |         |         |    0.753|    0.753|
rst_n          |         |         |    0.617|    0.617|
---------------+---------+---------+---------+---------+

Clock to Setup on destination clock comt_2<23>
---------------+---------+---------+---------+---------+
               | Src:Rise| Src:Fall| Src:Rise| Src:Fall|
Source Clock   |Dest:Rise|Dest:Rise|Dest:Fall|Dest:Fall|
---------------+---------+---------+---------+---------+
comt_2<23>     |         |         |    0.747|    0.747|
rst_n          |         |         |    1.488|    1.488|
---------------+---------+---------+---------+---------+

Clock to Setup on destination clock comt_2<24>
---------------+---------+---------+---------+---------+
               | Src:Rise| Src:Fall| Src:Rise| Src:Fall|
Source Clock   |Dest:Rise|Dest:Rise|Dest:Fall|Dest:Fall|
---------------+---------+---------+---------+---------+
comt_2<24>     |         |         |    0.897|    0.897|
rst_n          |         |         |    2.404|    2.404|
---------------+---------+---------+---------+---------+

Clock to Setup on destination clock comt_2<25>
---------------+---------+---------+---------+---------+
               | Src:Rise| Src:Fall| Src:Rise| Src:Fall|
Source Clock   |Dest:Rise|Dest:Rise|Dest:Fall|Dest:Fall|
---------------+---------+---------+---------+---------+
comt_2<25>     |         |         |    0.157|    0.157|
rst_n          |         |         |    1.264|    1.264|
---------------+---------+---------+---------+---------+

Clock to Setup on destination clock comt_2<26>
---------------+---------+---------+---------+---------+
               | Src:Rise| Src:Fall| Src:Rise| Src:Fall|
Source Clock   |Dest:Rise|Dest:Rise|Dest:Fall|Dest:Fall|
---------------+---------+---------+---------+---------+
comt_2<26>     |         |         |    0.261|    0.261|
rst_n          |         |         |    2.968|    2.968|
---------------+---------+---------+---------+---------+

Clock to Setup on destination clock comt_2<27>
---------------+---------+---------+---------+---------+
               | Src:Rise| Src:Fall| Src:Rise| Src:Fall|
Source Clock   |Dest:Rise|Dest:Rise|Dest:Fall|Dest:Fall|
---------------+---------+---------+---------+---------+
comt_2<27>     |         |         |    0.623|    0.623|
rst_n          |         |         |    2.905|    2.905|
---------------+---------+---------+---------+---------+

Clock to Setup on destination clock comt_2<28>
---------------+---------+---------+---------+---------+
               | Src:Rise| Src:Fall| Src:Rise| Src:Fall|
Source Clock   |Dest:Rise|Dest:Rise|Dest:Fall|Dest:Fall|
---------------+---------+---------+---------+---------+
comt_2<28>     |         |         |    0.510|    0.510|
rst_n          |         |         |    4.611|    4.611|
---------------+---------+---------+---------+---------+

Clock to Setup on destination clock comt_2<29>
---------------+---------+---------+---------+---------+
               | Src:Rise| Src:Fall| Src:Rise| Src:Fall|
Source Clock   |Dest:Rise|Dest:Rise|Dest:Fall|Dest:Fall|
---------------+---------+---------+---------+---------+
comt_2<29>     |         |         |    0.536|    0.536|
rst_n          |         |         |    4.039|    4.039|
---------------+---------+---------+---------+---------+

Clock to Setup on destination clock comt_2<30>
---------------+---------+---------+---------+---------+
               | Src:Rise| Src:Fall| Src:Rise| Src:Fall|
Source Clock   |Dest:Rise|Dest:Rise|Dest:Fall|Dest:Fall|
---------------+---------+---------+---------+---------+
comt_2<30>     |         |         |    0.487|    0.487|
rst_n          |         |         |    2.669|    2.669|
---------------+---------+---------+---------+---------+

Clock to Setup on destination clock comt_2<31>
---------------+---------+---------+---------+---------+
               | Src:Rise| Src:Fall| Src:Rise| Src:Fall|
Source Clock   |Dest:Rise|Dest:Rise|Dest:Fall|Dest:Fall|
---------------+---------+---------+---------+---------+
comt_2<31>     |         |         |    0.347|    0.347|
rst_n          |         |         |    3.450|    3.450|
---------------+---------+---------+---------+---------+

Clock to Setup on destination clock rst_n
---------------+---------+---------+---------+---------+
               | Src:Rise| Src:Fall| Src:Rise| Src:Fall|
Source Clock   |Dest:Rise|Dest:Rise|Dest:Fall|Dest:Fall|
---------------+---------+---------+---------+---------+
comt_1<0>      |         |         |   -1.730|   -1.730|
comt_1<1>      |         |         |   -1.730|   -1.730|
comt_1<2>      |         |         |   -1.966|   -1.966|
comt_1<3>      |         |         |   -2.011|   -2.011|
comt_1<4>      |         |         |   -2.237|   -2.237|
comt_1<5>      |         |         |   -2.351|   -2.351|
comt_1<6>      |         |         |   -1.341|   -1.341|
comt_1<7>      |         |         |   -2.339|   -2.339|
comt_1<8>      |         |         |   -2.427|   -2.427|
comt_1<9>      |         |         |   -3.075|   -3.075|
comt_1<10>     |         |         |   -3.390|   -3.390|
comt_1<11>     |         |         |   -3.254|   -3.254|
comt_1<12>     |         |         |   -2.990|   -2.990|
comt_1<13>     |         |         |   -1.609|   -1.609|
comt_1<14>     |         |         |   -2.442|   -2.442|
comt_1<15>     |         |         |   -1.794|   -1.794|
comt_1<16>     |         |         |   -1.480|   -1.480|
comt_1<17>     |         |         |   -1.441|   -1.441|
comt_1<18>     |         |         |   -0.745|   -0.745|
comt_1<19>     |         |         |   -1.279|   -1.279|
comt_1<20>     |         |         |   -0.659|   -0.659|
comt_1<21>     |         |         |   -1.244|   -1.244|
comt_1<22>     |         |         |   -2.217|   -2.217|
comt_1<23>     |         |         |   -2.348|   -2.348|
comt_1<24>     |         |         |   -1.909|   -1.909|
comt_1<25>     |         |         |   -2.861|   -2.861|
comt_1<26>     |         |         |   -3.038|   -3.038|
comt_1<27>     |         |         |   -3.286|   -3.286|
comt_1<28>     |         |         |   -4.364|   -4.364|
comt_1<29>     |         |         |   -2.777|   -2.777|
comt_1<30>     |         |         |   -2.465|   -2.465|
comt_1<31>     |         |         |   -3.050|   -3.050|
comt_2<0>      |         |         |   -1.488|   -1.488|
comt_2<1>      |         |         |   -1.989|   -1.989|
comt_2<2>      |         |         |   -2.120|   -2.120|
comt_2<3>      |         |         |   -2.400|   -2.400|
comt_2<4>      |         |         |   -1.449|   -1.449|
comt_2<5>      |         |         |   -1.887|   -1.887|
comt_2<6>      |         |         |   -0.841|   -0.841|
comt_2<7>      |         |         |   -1.413|   -1.413|
comt_2<8>      |         |         |   -3.083|   -3.083|
comt_2<9>      |         |         |   -1.852|   -1.852|
comt_2<10>     |         |         |   -2.686|   -2.686|
comt_2<11>     |         |         |   -3.191|   -3.191|
comt_2<12>     |         |         |   -2.882|   -2.882|
comt_2<13>     |         |         |   -3.233|   -3.233|
comt_2<14>     |         |         |   -1.228|   -1.228|
comt_2<15>     |         |         |   -1.234|   -1.234|
comt_2<16>     |         |         |   -0.731|   -0.731|
comt_2<17>     |         |         |   -0.579|   -0.579|
comt_2<18>     |         |         |   -0.621|   -0.621|
comt_2<19>     |         |         |   -1.584|   -1.584|
comt_2<20>     |         |         |    0.671|    0.671|
comt_2<21>     |         |         |   -0.317|   -0.317|
comt_2<22>     |         |         |    0.858|    0.858|
comt_2<23>     |         |         |    0.017|    0.017|
comt_2<24>     |         |         |   -0.512|   -0.512|
comt_2<25>     |         |         |   -0.635|   -0.635|
comt_2<26>     |         |         |   -1.599|   -1.599|
comt_2<27>     |         |         |   -0.976|   -0.976|
comt_2<28>     |         |         |   -2.386|   -2.386|
comt_2<29>     |         |         |   -1.980|   -1.980|
comt_2<30>     |         |         |   -1.171|   -1.171|
comt_2<31>     |         |         |   -1.900|   -1.900|
rst_n          |         |         |    1.120|    1.120|
---------------+---------+---------+---------+---------+


Analysis completed Mon Mar 27 22:31:09 2017 
--------------------------------------------------------------------------------

Trace Settings:
-------------------------
Trace Settings 

Peak Memory Usage: 303 MB



